1596198016965	geckodriver	INFO	Listening on 127.0.0.1:50093
1596198020052	mozrunner::runner	INFO	Running command: "C:\\Program Files\\Mozilla Firefox\\firefox.exe" "--marionette" "-foreground" "-no-remote" "-profile" "C:\\Users\\91700\\AppData\\Local\\Temp\\rust_mozprofilejWeBEq"
JavaScript error: 1gicw0dl4vy.cfg, line 2: ReferenceError: Components is not defined
1596198023813	Marionette	INFO	Listening on port 50103
1596198024211	Marionette	WARN	TLS certificate errors will be ignored for this session
1596198024276	Marionette	DEBUG	[6442450945] Frame script loaded
1596198024279	Marionette	DEBUG	[6442450945] Frame script registered
1596198024321	Marionette	DEBUG	[6442450945] Received DOM event beforeunload for about:blank
1596198025625	Marionette	DEBUG	[6442450945] Received DOM event pagehide for about:blank
1596198026658	Marionette	DEBUG	[6442450945] Received DOM event DOMContentLoaded for https://rtovehicle.info/index.php
1596198027916	Marionette	DEBUG	[6442450945] Received DOM event pageshow for https://rtovehicle.info/index.php
1596198030498	Marionette	DEBUG	[6442450945] Canceled page load listener because no navigation has been detected
JavaScript error: https://rtovehicle.info/index.php, line 95: NS_ERROR_UNKNOWN_PROTOCOL: 
JavaScript error: resource:///modules/NetErrorContent.jsm, line 449: TypeError: docShell.failedChannel is null
[Parent 4812, Gecko_IOThread] WARNING: pipe error: 109: file z:/build/build/src/ipc/chromium/src/chrome/common/ipc_channel_win.cc, line 346
[Parent 4812, Gecko_IOThread] WARNING: pipe error: 109: file z:/build/build/src/ipc/chromium/src/chrome/common/ipc_channel_win.cc, line 346
[Parent 4812, Gecko_IOThread] WARNING: pipe error: 109: file z:/build/build/src/ipc/chromium/src/chrome/common/ipc_channel_win.cc, line 346
[Child 916, Chrome_ChildThread] WARNING: pipe error: 109: file z:/build/build/src/ipc/chromium/src/chrome/common/ipc_channel_win.cc, line 346
[Child 9[Child 12292, Chrome_ChildThread] WARNING: pipe error: 109: file z:/build/build/src/ipc/chromium/src/chrome/common/ipc_channel_win.cc, line 346
[Child [Parent 4812, Gecko_IOThread] WARNING: pipe error: 109: file z:/build/build/src/ipc/chromium/src/chrome/common/ipc_channel_win.cc, line 346
[Child 13288, Chrome_ChildThread] WARNING: pipe error: 109: file z:/build/build/src/ipc/chromium/src/chrome/common/ipc_channel_win.cc, line 346
[Child1596198072401	Marionette	INFO	Stopped listening on port 50103
[GPU 8284, Chrome_ChildThread] WARNING: p
###!!! [Child][MessageChannel::SendAndWait] Error: Channel error: cannot send/recv

1596198277216	geckodriver	INFO	Listening on 127.0.0.1:50256
1596198280308	mozrunner::runner	INFO	Running command: "C:\\Program Files\\Mozilla Firefox\\firefox.exe" "--marionette" "-foreground" "-no-remote" "-profile" "C:\\Users\\91700\\AppData\\Local\\Temp\\rust_mozprofileDiV8tp"
1596198357499	geckodriver	INFO	Listening on 127.0.0.1:50310
1596198360608	mozrunner::runner	INFO	Running command: "C:\\Program Files\\Mozilla Firefox\\firefox.exe" "--marionette" "-foreground" "-no-remote" "-profile" "C:\\Users\\91700\\AppData\\Local\\Temp\\rust_mozprofilet6SVvz"
JavaScript error: 1gicw0dl4vy.cfg, line 2: ReferenceError: Components is not defined
1596198361476	addons.webextension.doh-rollout@mozilla.org	WARN	Loading extension 'doh-rollout@mozilla.org': Reading manifest: Invalid extension permission: networkStatus
1596198361754	addons.webextension.screenshots@mozilla.org	WARN	Loading extension 'screenshots@mozilla.org': Reading manifest: Invalid extension permission: mozillaAddons
1596198361754	addons.webextension.screenshots@mozilla.org	WARN	Loading extension 'screenshots@mozilla.org': Reading manifest: Invalid extension permission: telemetry
1596198361755	addons.webextension.screenshots@mozilla.org	WARN	Loading extension 'screenshots@mozilla.org': Reading manifest: Invalid extension permission: resource://pdf.js/
1596198361755	addons.webextension.screenshots@mozilla.org	WARN	Loading extension 'screenshots@mozilla.org': Reading manifest: Invalid extension permission: about:reader*
JavaScript error: resource://gre/modules/XULStore.jsm, line 66: Error: Can't find profile directory.
1596198364561	Marionette	INFO	Listening on port 50318
1596198364734	Marionette	WARN	TLS certificate errors will be ignored for this session
1596198442571	Marionette	INFO	Stopped listening on port 50318

###!!! [Child][RunMessage] Error: Channel closing: too late to send/recv, messages will be lost


###!!! [Child][MessageChannel::SendAndWait] Error: Channel error: cannot send/recv

1596201889862	geckodriver	INFO	Listening on 127.0.0.1:51438
1596201892936	mozrunner::runner	INFO	Running command: "C:\\Program Files\\Mozilla Firefox\\firefox.exe" "--marionette" "-foreground" "-no-remote" "-profile" "C:\\Users\\91700\\AppData\\Local\\Temp\\rust_mozprofile0pLHkQ"
JavaScript error: 1gicw0dl4vy.cfg, line 2: ReferenceError: Components is not defined
1596201894175	addons.webextension.doh-rollout@mozilla.org	WARN	Loading extension 'doh-rollout@mozilla.org': Reading manifest: Invalid extension permission: networkStatus
1596201894538	addons.webextension.screenshots@mozilla.org	WARN	Loading extension 'screenshots@mozilla.org': Reading manifest: Invalid extension permission: mozillaAddons
1596201894538	addons.webextension.screenshots@mozilla.org	WARN	Loading extension 'screenshots@mozilla.org': Reading manifest: Invalid extension permission: telemetry
1596201894539	addons.webextension.screenshots@mozilla.org	WARN	Loading extension 'screenshots@mozilla.org': Reading manifest: Invalid extension permission: resource://pdf.js/
1596201894539	addons.webextension.screenshots@mozilla.org	WARN	Loading extension 'screenshots@mozilla.org': Reading manifest: Invalid extension permission: about:reader*
JavaScript error: resource://gre/modules/XULStore.jsm, line 66: Error: Can't find profile directory.
1596201897513	Marionette	INFO	Listening on port 51446
1596201897669	Marionette	WARN	TLS certificate errors will be ignored for this session
1596202129735	Marionette	INFO	Stopped listening on port 51446

###!!! [Child][RunMessage] Error: Channel closing: too late to send/recv, messages will be lost


###!!! [Child][MessageChannel::SendAndWait] Error: Channel error: cannot send/recv

Temp\\rust_mozprofilesOZNob"
JavaScript error: 1gicw0dl4vy.cfg, line 2: ReferenceError: Components is not defined
1596202123451	addons.webextension.doh-rollout@mozilla.org	WARN	Loading extension 'doh-rollout@mozilla.org': Reading manifest: Invalid extension permission: networkStatus
1596202123728	addons.webextension.screenshots@mozilla.org	WARN	Loading extension 'screenshots@mozilla.org': Reading manifest: Invalid extension permission: mozillaAddons
1596202123728	addons.webextension.screenshots@mozilla.org	WARN	Loading extension 'screenshots@mozilla.org': Reading manifest: Invalid extension permission: telemetry
1596202123728	addons.webextension.screenshots@mozilla.org	WARN	Loading extension 'screenshots@mozilla.org': Reading manifest: Invalid extension permission: resource://pdf.js/
1596202123729	addons.webextension.screenshots@mozilla.org	WARN	Loading extension 'screenshots@mozilla.org': Reading manifest: Invalid extension permission: about:reader*
JavaScript error: resource://gre/modules/XULStore.jsm, line 66: Error: Can't find profile directory.
1596202126759	Marionette	INFO	Listening on port 51539
1596202126890	Marionette	WARN	TLS certificate errors will be ignored for this session
1596202283687	Marionette	INFO	Stopped listening on port 51539

###!!! [Child][RunMessage] Error: Channel closing: too late to send/recv, messages will be lost


###!!! [Child][MessageChannel::SendAndWait] Error: Channel error: cannot send/recv

1596202286851	geckodriver	INFO	Listening on 127.0.0.1:51616
1596202289961	mozrunner::runner	INFO	Running command: "C:\\Program Files\\Mozilla Firefox\\firefox.exe" "--marionette" "-foreground" "-no-remote" "-profile" "C:\\Users\\91700\\AppData\\Local\\Temp\\rust_mozprofileU7SWrl"
JavaScript error: 1gicw0dl4vy.cfg, line 2: ReferenceError: Components is not defined
1596202290710	addons.webextension.doh-rollout@mozilla.org	WARN	Loading extension 'doh-rollout@mozilla.org': Reading manifest: Invalid extension permission: networkStatus
1596202290898	addons.webextension.screenshots@mozilla.org	WARN	Loading extension 'screenshots@mozilla.org': Reading manifest: Invalid extension permission: mozillaAddons
1596202290898	addons.webextension.screenshots@mozilla.org	WARN	Loading extension 'screenshots@mozilla.org': Reading manifest: Invalid extension permission: telemetry
1596202290898	addons.webextension.screenshots@mozilla.org	WARN	Loading extension 'screenshots@mozilla.org': Reading manifest: Invalid extension permission: resource://pdf.js/
1596202290898	addons.webextension.screenshots@mozilla.org	WARN	Loading extension 'screenshots@mozilla.org': Reading manifest: Invalid extension permission: about:reader*
JavaScript error: resource://gre/modules/XULStore.jsm, line 66: Error: Can't find profile directory.
1596202293245	Marionette	INFO	Listening on port 51624
1596202293590	Marionette	WARN	TLS certificate errors will be ignored for this session
1596202301108	Marionette	WARN	TimedPromise timed out after 500 ms: stacktrace:
bail@chrome://marionette/content/sync.js:237:64
1596202364385	Marionette	INFO	Stopped listening on port 51624

###!!! [Child][RunMessage] Error: Channel closing: too late to send/recv, messages will be lost


###!!! [Child][MessageChannel::SendAndWait] Error: Channel error: cannot send/recv

1596202385063	geckodriver	INFO	Listening on 127.0.0.1:51691
1596202388170	mozrunner::runner	INFO	Running command: "C:\\Program Files\\Mozilla Firefox\\firefox.exe" "--marionette" "-foreground" "-no-remote" "-profile" "C:\\Users\\91700\\AppData\\Local\\Temp\\rust_mozprofileVsg0g8"
JavaScript error: 1gicw0dl4vy.cfg, line 2: ReferenceError: Components is not defined
1596202388890	addons.webextension.doh-rollout@mozilla.org	WARN	Loading extension 'doh-rollout@mozilla.org': Reading manifest: Invalid extension permission: networkStatus
1596202389039	addons.webextension.screenshots@mozilla.org	WARN	Loading extension 'screenshots@mozilla.org': Reading manifest: Invalid extension permission: mozillaAddons
1596202389039	addons.webextension.screenshots@mozilla.org	WARN	Loading extension 'screenshots@mozilla.org': Reading manifest: Invalid extension permission: telemetry
1596202389039	addons.webextension.screenshots@mozilla.org	WARN	Loading extension 'screenshots@mozilla.org': Reading manifest: Invalid extension permission: resource://pdf.js/
1596202389039	addons.webextension.screenshots@mozilla.org	WARN	Loading extension 'screenshots@mozilla.org': Reading manifest: Invalid extension permission: about:reader*
JavaScript error: resource://gre/modules/XULStore.jsm, line 66: Error: Can't find profile directory.
1596202391488	Marionette	INFO	Listening on port 51699
1596202391806	Marionette	WARN	TLS certificate errors will be ignored for this session
1596202549583	Marionette	INFO	Stopped listening on port 51699

###!!! [Child][RunMessage] Error: Channel closing: too late to send/recv, messages will be lost


###!!! [Child][MessageChannel::SendAndWait] Error: Channel error: cannot send/recv

1596202584925	geckodriver	INFO	Listening on 127.0.0.1:51780
1596202588024	mozrunner::runner	INFO	Running command: "C:\\Program Files\\Mozilla Firefox\\firefox.exe" "--marionette" "-foreground" "-no-remote" "-profile" "C:\\Users\\91700\\AppData\\Local\\Temp\\rust_mozprofile7qB3tX"
JavaScript error: 1gicw0dl4vy.cfg, line 2: ReferenceError: Components is not defined
1596202588918	addons.webextension.doh-rollout@mozilla.org	WARN	Loading extension 'doh-rollout@mozilla.org': Reading manifest: Invalid extension permission: networkStatus
1596202589176	addons.webextension.screenshots@mozilla.org	WARN	Loading extension 'screenshots@mozilla.org': Reading manifest: Invalid extension permission: mozillaAddons
1596202589176	addons.webextension.screenshots@mozilla.org	WARN	Loading extension 'screenshots@mozilla.org': Reading manifest: Invalid extension permission: telemetry
1596202589176	addons.webextension.screenshots@mozilla.org	WARN	Loading extension 'screenshots@mozilla.org': Reading manifest: Invalid extension permission: resource://pdf.js/
1596202589177	addons.webextension.screenshots@mozilla.org	WARN	Loading extension 'screenshots@mozilla.org': Reading manifest: Invalid extension permission: about:reader*
JavaScript error: resource://gre/modules/XULStore.jsm, line 66: Error: Can't find profile directory.
1596202591764	Marionette	INFO	Listening on port 51788
1596202592158	Marionette	WARN	TLS certificate errors will be ignored for this session
1596202631685	Marionette	INFO	Stopped listening on port 51788

###!!! [Child][RunMessage] Error: Channel closing: too late to send/recv, messages will be lost


###!!! [Child][MessageChannel::SendAndWait] Error: Channel error: cannot send/recv

1596319230426	geckodriver	INFO	Listening on 127.0.0.1:64292
1596319233587	mozrunner::runner	INFO	Running command: "C:\\Program Files\\Mozilla Firefox\\firefox.exe" "--marionette" "-foreground" "-no-remote" "-profile" "C:\\Users\\91700\\AppData\\Local\\Temp\\rust_mozprofileXpXcwC"
JavaScript error: 1gicw0dl4vy.cfg, line 2: ReferenceError: Components is not defined
1596319234780	addons.webextension.doh-rollout@mozilla.org	WARN	Loading extension 'doh-rollout@mozilla.org': Reading manifest: Invalid extension permission: networkStatus
1596319235023	addons.webextension.screenshots@mozilla.org	WARN	Loading extension 'screenshots@mozilla.org': Reading manifest: Invalid extension permission: mozillaAddons
1596319235024	addons.webextension.screenshots@mozilla.org	WARN	Loading extension 'screenshots@mozilla.org': Reading manifest: Invalid extension permission: telemetry
1596319235024	addons.webextension.screenshots@mozilla.org	WARN	Loading extension 'screenshots@mozilla.org': Reading manifest: Invalid extension permission: resource://pdf.js/
1596319235024	addons.webextension.screenshots@mozilla.org	WARN	Loading extension 'screenshots@mozilla.org': Reading manifest: Invalid extension permission: about:reader*
JavaScript error: resource://gre/modules/XULStore.jsm, line 66: Error: Can't find profile directory.
1596319238040	Marionette	INFO	Listening on port 64302
1596319238422	Marionette	WARN	TLS certificate errors will be ignored for this session
JavaScript error: resource://gre/modules/XULStore.jsm, line 66: Error: Can't find profile directory.
1596319266399	Marionette	INFO	Stopped listening on port 64302

###!!! [Child][RunMessage] Error: Channel closing: too late to send/recv, messages will be lost

1596319530763	geckodriver	INFO	Listening on 127.0.0.1:64631
1596319533917	mozrunner::runner	INFO	Running command: "C:\\Program Files\\Mozilla Firefox\\firefox.exe" "--marionette" "-foreground" "-no-remote" "-profile" "C:\\Users\\91700\\AppData\\Local\\Temp\\rust_mozprofiledRirve"
JavaScript error: 1gicw0dl4vy.cfg, line 2: ReferenceError: Components is not defined
1596319534414	addons.webextension.doh-rollout@mozilla.org	WARN	Loading extension 'doh-rollout@mozilla.org': Reading manifest: Invalid extension permission: networkStatus
1596319534565	addons.webextension.screenshots@mozilla.org	WARN	Loading extension 'screenshots@mozilla.org': Reading manifest: Invalid extension permission: mozillaAddons
1596319534565	addons.webextension.screenshots@mozilla.org	WARN	Loading extension 'screenshots@mozilla.org': Reading manifest: Invalid extension permission: telemetry
1596319534565	addons.webextension.screenshots@mozilla.org	WARN	Loading extension 'screenshots@mozilla.org': Reading manifest: Invalid extension permission: resource://pdf.js/
1596319534565	addons.webextension.screenshots@mozilla.org	WARN	Loading extension 'screenshots@mozilla.org': Reading manifest: Invalid extension permission: about:reader*
JavaScript error: resource://gre/modules/XULStore.jsm, line 66: Error: Can't find profile directory.
1596319537002	Marionette	INFO	Listening on port 64642
1596319537113	Marionette	WARN	TLS certificate errors will be ignored for this session
1596319552088	Marionette	INFO	Stopped listening on port 64642

###!!! [Child][RunMessage] Error: Channel closing: too late to send/recv, messages will be lost


###!!! [Child][MessageChannel::SendAndWait] Error: Channel error: cannot send/recv

1596319672913	geckodriver	INFO	Listening on 127.0.0.1:64804
1596319676024	mozrunner::runner	INFO	Running command: "C:\\Program Files\\Mozilla Firefox\\firefox.exe" "--marionette" "-foreground" "-no-remote" "-profile" "C:\\Users\\91700\\AppData\\Local\\Temp\\rust_mozprofileGf4o2E"
JavaScript error: 1gicw0dl4vy.cfg, line 2: ReferenceError: Components is not defined
1596319676573	addons.webextension.doh-rollout@mozilla.org	WARN	Loading extension 'doh-rollout@mozilla.org': Reading manifest: Invalid extension permission: networkStatus
1596319676735	addons.webextension.screenshots@mozilla.org	WARN	Loading extension 'screenshots@mozilla.org': Reading manifest: Invalid extension permission: mozillaAddons
1596319676735	addons.webextension.screenshots@mozilla.org	WARN	Loading extension 'screenshots@mozilla.org': Reading manifest: Invalid extension permission: telemetry
1596319676735	addons.webextension.screenshots@mozilla.org	WARN	Loading extension 'screenshots@mozilla.org': Reading manifest: Invalid extension permission: resource://pdf.js/
1596319676735	addons.webextension.screenshots@mozilla.org	WARN	Loading extension 'screenshots@mozilla.org': Reading manifest: Invalid extension permission: about:reader*
JavaScript error: resource://gre/modules/XULStore.jsm, line 66: Error: Can't find profile directory.
1596319679323	Marionette	INFO	Listening on port 64816
1596319679721	Marionette	WARN	TLS certificate errors will be ignored for this session
1596320024479	Marionette	INFO	Stopped listening on port 64816

###!!! [Child][RunMessage] Error: Channel closing: too late to send/recv, messages will be lost


###!!! [Child][MessageChannel::SendAndWait] Error: Channel error: cannot send/recv

1596360276376	geckodriver	INFO	Listening on 127.0.0.1:50054
1596360281690	mozrunner::runner	INFO	Running command: "C:\\Program Files\\Mozilla Firefox\\firefox.exe" "--marionette" "-foreground" "-no-remote" "-profile" "C:\\Users\\Titli\\AppData\\Local\\Temp\\rust_mozprofileJrcWHe"
1596361583949	geckodriver	INFO	Listening on 127.0.0.1:59132
1596361586771	mozrunner::runner	INFO	Running command: "E:\\firefox.exe" "--marionette" "-foreground" "-no-remote" "-profile" "C:\\Users\\Titli\\AppData\\Local\\Temp\\rust_mozprofile20bznl"
1596361589017	addons.webextension.screenshots@mozilla.org	WARN	Loading extension 'screenshots@mozilla.org': Reading manifest: Invalid extension permission: mozillaAddons
1596361589018	addons.webextension.screenshots@mozilla.org	WARN	Loading extension 'screenshots@mozilla.org': Reading manifest: Invalid extension permission: resource://pdf.js/
1596361589019	addons.webextension.screenshots@mozilla.org	WARN	Loading extension 'screenshots@mozilla.org': Reading manifest: Invalid extension permission: about:reader*
[Child 22916, Chrome_ChildThread] WARNING: pipe error: 109: file z:/build/build/src/ipc/chromium/src/chrome/common/ipc_channel_win.cc, line 332
[Child 22916, Chrome_1596361595215	Marionette	INFO	Listening on port 59169
1596361595519	Marionette	WARN	TLS certificate errors will be ignored for this session
JavaScript error: https://rtovehicle.info/index.php, line 40: ReferenceError: $ is not defined
JavaScript error: https://rtovehicle.info/index.php, line 95: ReferenceError: $ is not defined
JavaScript error: , line 0: TypeError: ServiceWorker script at https://rtovehicle.info/pwabuilder-sw.js for scope https://rtovehicle.info/ encountered an error during installation.
console.error: "Could not write session state file " (new Error("", "(unknown module)")) ""
[Parent 3188, Gecko_IOThread] WARNING: pipe error: 109: file z:/build/build/src/ipc/chromium/src/chrome/common/ipc_channel_win.cc, line 332
[Parent 3188, Gecko_IOThread] WARNING: pipe error: 109: file z:/build/build/src/ipc/chromium/src/chrome/common/ipc_channel_win.cc, line 332
[Child 18212, Chrome_ChildThread] WARNING: pipe error: 109: file z:/build/build/src/ipc/chromium/src/chrome/common/ipc_channel_win.cc, line 332
[Child 18212, Chro[Child 9988, Chrome_ChildThread] WARNING: pipe error: 109: file z:/build/build/src/ipc/chromium/src/chrome/common/ipc_channel_win.cc, line 332
1596361720727	Marionette	INFO	Stopped listening on port 59169

###!!! [Child][RunMessage] Error: Channel closing: too late to send/recv, messages will be lost

[GPU 5864, 
###!!! [Child][MessageChannel::SendAndWait] Error: Channel error: cannot send/recv

1596361738588	geckodriver	INFO	Listening on 127.0.0.1:60236
1596361741625	mozrunner::runner	INFO	Running command: "E:\\firefox.exe" "--marionette" "-foreground" "-no-remote" "-profile" "C:\\Users\\Titli\\AppData\\Local\\Temp\\rust_mozprofileNbIMY1"
1596361743887	addons.webextension.screenshots@mozilla.org	WARN	Loading extension 'screenshots@mozilla.org': Reading manifest: Invalid extension permission: mozillaAddons
1596361743888	addons.webextension.screenshots@mozilla.org	WARN	Loading extension 'screenshots@mozilla.org': Reading manifest: Invalid extension permission: resource://pdf.js/
1596361743888	addons.webextension.screenshots@mozilla.org	WARN	Loading extension 'screenshots@mozilla.org': Reading manifest: Invalid extension permission: about:reader*
1596361749094	Marionette	INFO	Listening on port 60257
1596361749272	Marionette	WARN	TLS certificate errors will be ignored for this session
console.error: "Could not write session state file " (new Error("", "(unknown module)")) ""
1596361897397	Marionette	INFO	Stopped listening on port 60257

###!!! [Child][RunMessage] Error: Channel closing: too late to send/recv, messages will be lost

[GPU 2
###!!! [Child][MessageChannel::SendAndWait] Error: Channel error: cannot send/recv

1596361977619	geckodriver	INFO	Listening on 127.0.0.1:61673
1596361980646	mozrunner::runner	INFO	Running command: "E:\\firefox.exe" "--marionette" "-foreground" "-no-remote" "-profile" "C:\\Users\\Titli\\AppData\\Local\\Temp\\rust_mozprofiletcoL1Q"
1596361982909	addons.webextension.screenshots@mozilla.org	WARN	Loading extension 'screenshots@mozilla.org': Reading manifest: Invalid extension permission: mozillaAddons
1596361982910	addons.webextension.screenshots@mozilla.org	WARN	Loading extension 'screenshots@mozilla.org': Reading manifest: Invalid extension permission: resource://pdf.js/
1596361982910	addons.webextension.screenshots@mozilla.org	WARN	Loading extension 'screenshots@mozilla.org': Reading manifest: Invalid extension permission: about:reader*
[Child 20700, Chrome_ChildThread] WARNING: pipe error: 109: file z:/build/build/src/ipc/chromium/src/chrome/common/ipc_channel_win.cc, line 332
[Child 20700, Chrome_ChildThread] WARNING: pipe error: 109: file z:/build/build/src/ipc/chromium/src/chrome/common/ipc_channel_win.cc, line 332
1596361989040	Marionette	INFO	Listening on port 61706
1596361989413	Marionette	WARN	TLS certificate errors will be ignored for this session
console.error: "Could not write session state file " (new Error("", "(unknown module)")) ""
console.error: BroadcastService: 
  receivedBroadcastMessage: handler for
  remote-settings/monitor_changes
  threw error:
  Message: Error: Polling for changes failed: NetworkError when attempting to fetch resource..
  Stack:
    remoteSettingsFunction/remoteSettings.pollChanges@resource://services-settings/remote-settings.js:190:13

[Child 10476, Chrome_ChildThread] WARNING: pipe error: 109: file z:/build/build/src/ipc/chromium/src/chrome/common/ipc_channel_win.cc, line 332
[Chil1596362106722	Marionette	INFO	Stopped listening on port 61706
[GPU 19
###!!! [Child][MessageChannel::SendAndWait] Error: Channel error: cannot send/recv

1596362123237	geckodriver	INFO	Listening on 127.0.0.1:62674
1596362126252	mozrunner::runner	INFO	Running command: "E:\\firefox.exe" "--marionette" "-foreground" "-no-remote" "-profile" "C:\\Users\\Titli\\AppData\\Local\\Temp\\rust_mozprofilewwVbgS"
1596362128384	addons.webextension.screenshots@mozilla.org	WARN	Loading extension 'screenshots@mozilla.org': Reading manifest: Invalid extension permission: mozillaAddons
1596362128385	addons.webextension.screenshots@mozilla.org	WARN	Loading extension 'screenshots@mozilla.org': Reading manifest: Invalid extension permission: resource://pdf.js/
1596362128385	addons.webextension.screenshots@mozilla.org	WARN	Loading extension 'screenshots@mozilla.org': Reading manifest: Invalid extension permission: about:reader*
1596362133983	Marionette	INFO	Listening on port 62702
1596362134017	Marionette	WARN	TLS certificate errors will be ignored for this session
console.error: BroadcastService: 
  receivedBroadcastMessage: handler for
  remote-settings/monitor_changes
  threw error:
  Message: Error: Polling for changes failed: NetworkError when attempting to fetch resource..
  Stack:
    remoteSettingsFunction/remoteSettings.pollChanges@resource://services-settings/remote-settings.js:190:13

[Parent 16080, Gecko_IOThread] WARNING: pipe error: 109: file z:/build/build/src/ipc/chromium/src/chrome/common/ipc_channel_win.cc, line 332
[Parent 16080, Gecko_IOThread] WARNING: pipe error: 109: file z:/build/build/src/ipc/chromium/src/chrome/common/ipc_channel_win.cc, line 332
[Child 224, Chrome_ChildThread] WARNING: pipe error: 109: file z:/build/build/src/ipc/chromium/src/chrome/common/ipc_channel_win.cc, line 332
[Child 224, Chrome_ChildThread] W[Parent 16080, Gecko_IOThread] WARNING: pipe error: 109: file z:/build/build/src/ipc/chromium/src/chrome/common/ipc_channel_win.cc, line 332
1596364248867	Marionette	INFO	Stopped listening on port 62702

###!!! [Child][RunMessage] Error: Channel closing: too late to send/recv, messages will be lost


###!!! [Child][MessageChannel::SendAndWait] Error: Channel error: cannot send/recv

